[2024-11-28T21:23:28.168+0000] {local_task_job_runner.py:123} INFO - ::group::Pre task execution logs
[2024-11-28T21:23:28.183+0000] {taskinstance.py:2613} INFO - Dependencies all met for dep_context=non-requeueable deps ti=<TaskInstance: brewery_ETL.transform_gold manual__2024-11-28T21:10:36.122802+00:00 [queued]>
[2024-11-28T21:23:28.189+0000] {taskinstance.py:2613} INFO - Dependencies all met for dep_context=requeueable deps ti=<TaskInstance: brewery_ETL.transform_gold manual__2024-11-28T21:10:36.122802+00:00 [queued]>
[2024-11-28T21:23:28.189+0000] {taskinstance.py:2866} INFO - Starting attempt 2 of 2
[2024-11-28T21:23:28.198+0000] {taskinstance.py:2889} INFO - Executing <Task(PythonOperator): transform_gold> on 2024-11-28 21:10:36.122802+00:00
[2024-11-28T21:23:28.202+0000] {standard_task_runner.py:72} INFO - Started process 1187 to run task
[2024-11-28T21:23:28.205+0000] {standard_task_runner.py:104} INFO - Running: ['***', 'tasks', 'run', 'brewery_ETL', 'transform_gold', 'manual__2024-11-28T21:10:36.122802+00:00', '--job-id', '206', '--raw', '--subdir', 'DAGS_FOLDER/openbrewery_dag.py', '--cfg-path', '/tmp/tmp__rm017v']
[2024-11-28T21:23:28.207+0000] {standard_task_runner.py:105} INFO - Job 206: Subtask transform_gold
[2024-11-28T21:23:28.254+0000] {task_command.py:467} INFO - Running <TaskInstance: brewery_ETL.transform_gold manual__2024-11-28T21:10:36.122802+00:00 [running]> on host c5a3b208fc9f
[2024-11-28T21:23:28.307+0000] {taskinstance.py:3132} INFO - Exporting env vars: AIRFLOW_CTX_DAG_OWNER='***' AIRFLOW_CTX_DAG_ID='brewery_ETL' AIRFLOW_CTX_TASK_ID='transform_gold' AIRFLOW_CTX_EXECUTION_DATE='2024-11-28T21:10:36.122802+00:00' AIRFLOW_CTX_TRY_NUMBER='2' AIRFLOW_CTX_DAG_RUN_ID='manual__2024-11-28T21:10:36.122802+00:00'
[2024-11-28T21:23:28.307+0000] {taskinstance.py:731} INFO - ::endgroup::
[2024-11-28T21:23:28.318+0000] {transform_gold.py:147} INFO - Iniciando a tarefa transform_gold
[2024-11-28T21:23:28.318+0000] {transform_gold.py:161} INFO - Data de execução: 2024-11-28
[2024-11-28T21:23:28.318+0000] {transform_gold.py:16} INFO - Iniciando criação da sessão Spark para transformação Gold
[2024-11-28T21:23:34.109+0000] {transform_gold.py:41} INFO - Sessão Spark criada com sucesso para transformação Gold
[2024-11-28T21:23:34.110+0000] {transform_gold.py:50} INFO - Lendo dados da camada Silver: s3a://breweris-etl-prod-sp/silver/date=2024-11-28/
[2024-11-28T21:23:34.110+0000] {transform_gold.py:94} ERROR - Erro ao ler dados da camada Silver: name 'ArrayType' is not defined
[2024-11-28T21:23:34.110+0000] {transform_gold.py:177} ERROR - Erro na tarefa transform_gold: name 'ArrayType' is not defined
[2024-11-28T21:23:34.507+0000] {transform_gold.py:182} INFO - Sessão Spark finalizada para a tarefa transform_gold
[2024-11-28T21:23:34.508+0000] {taskinstance.py:3311} ERROR - Task failed with exception
Traceback (most recent call last):
  File "/home/airflow/.local/lib/python3.9/site-packages/airflow/models/taskinstance.py", line 767, in _execute_task
    result = _execute_callable(context=context, **execute_callable_kwargs)
  File "/home/airflow/.local/lib/python3.9/site-packages/airflow/models/taskinstance.py", line 733, in _execute_callable
    return ExecutionCallableRunner(
  File "/home/airflow/.local/lib/python3.9/site-packages/airflow/utils/operator_helpers.py", line 252, in run
    return self.func(*args, **kwargs)
  File "/home/airflow/.local/lib/python3.9/site-packages/airflow/models/baseoperator.py", line 417, in wrapper
    return func(self, *args, **kwargs)
  File "/home/airflow/.local/lib/python3.9/site-packages/airflow/operators/python.py", line 238, in execute
    return_value = self.execute_callable()
  File "/home/airflow/.local/lib/python3.9/site-packages/airflow/operators/python.py", line 256, in execute_callable
    return runner.run(*self.op_args, **self.op_kwargs)
  File "/home/airflow/.local/lib/python3.9/site-packages/airflow/utils/operator_helpers.py", line 252, in run
    return self.func(*args, **kwargs)
  File "/opt/airflow/scripts/transform_gold.py", line 167, in transform_gold
    df_silver = read_silver_data(spark, s3_bucket, s3_silver_path, execution_date)
  File "/opt/airflow/scripts/transform_gold.py", line 67, in read_silver_data
    StructField("tag_list", ArrayType(StringType()), True),
NameError: name 'ArrayType' is not defined
[2024-11-28T21:23:34.516+0000] {taskinstance.py:1225} INFO - Marking task as FAILED. dag_id=brewery_ETL, task_id=transform_gold, run_id=manual__2024-11-28T21:10:36.122802+00:00, execution_date=20241128T211036, start_date=20241128T212328, end_date=20241128T212334
[2024-11-28T21:23:34.534+0000] {taskinstance.py:340} INFO - ::group::Post task execution logs
[2024-11-28T21:23:34.535+0000] {standard_task_runner.py:124} ERROR - Failed to execute job 206 for task transform_gold (name 'ArrayType' is not defined; 1187)
Traceback (most recent call last):
  File "/home/airflow/.local/lib/python3.9/site-packages/airflow/task/task_runner/standard_task_runner.py", line 117, in _start_by_fork
    ret = args.func(args, dag=self.dag)
  File "/home/airflow/.local/lib/python3.9/site-packages/airflow/cli/cli_config.py", line 49, in command
    return func(*args, **kwargs)
  File "/home/airflow/.local/lib/python3.9/site-packages/airflow/utils/cli.py", line 116, in wrapper
    return f(*args, **kwargs)
  File "/home/airflow/.local/lib/python3.9/site-packages/airflow/cli/commands/task_command.py", line 483, in task_run
    task_return_code = _run_task_by_selected_method(args, _dag, ti)
  File "/home/airflow/.local/lib/python3.9/site-packages/airflow/cli/commands/task_command.py", line 256, in _run_task_by_selected_method
    return _run_raw_task(args, ti)
  File "/home/airflow/.local/lib/python3.9/site-packages/airflow/cli/commands/task_command.py", line 341, in _run_raw_task
    return ti._run_raw_task(
  File "/home/airflow/.local/lib/python3.9/site-packages/airflow/utils/session.py", line 97, in wrapper
    return func(*args, session=session, **kwargs)
  File "/home/airflow/.local/lib/python3.9/site-packages/airflow/models/taskinstance.py", line 3005, in _run_raw_task
    return _run_raw_task(
  File "/home/airflow/.local/lib/python3.9/site-packages/airflow/models/taskinstance.py", line 273, in _run_raw_task
    TaskInstance._execute_task_with_callbacks(
  File "/home/airflow/.local/lib/python3.9/site-packages/airflow/models/taskinstance.py", line 3159, in _execute_task_with_callbacks
    result = self._execute_task(context, task_orig)
  File "/home/airflow/.local/lib/python3.9/site-packages/airflow/models/taskinstance.py", line 3183, in _execute_task
    return _execute_task(self, context, task_orig)
  File "/home/airflow/.local/lib/python3.9/site-packages/airflow/models/taskinstance.py", line 767, in _execute_task
    result = _execute_callable(context=context, **execute_callable_kwargs)
  File "/home/airflow/.local/lib/python3.9/site-packages/airflow/models/taskinstance.py", line 733, in _execute_callable
    return ExecutionCallableRunner(
  File "/home/airflow/.local/lib/python3.9/site-packages/airflow/utils/operator_helpers.py", line 252, in run
    return self.func(*args, **kwargs)
  File "/home/airflow/.local/lib/python3.9/site-packages/airflow/models/baseoperator.py", line 417, in wrapper
    return func(self, *args, **kwargs)
  File "/home/airflow/.local/lib/python3.9/site-packages/airflow/operators/python.py", line 238, in execute
    return_value = self.execute_callable()
  File "/home/airflow/.local/lib/python3.9/site-packages/airflow/operators/python.py", line 256, in execute_callable
    return runner.run(*self.op_args, **self.op_kwargs)
  File "/home/airflow/.local/lib/python3.9/site-packages/airflow/utils/operator_helpers.py", line 252, in run
    return self.func(*args, **kwargs)
  File "/opt/airflow/scripts/transform_gold.py", line 167, in transform_gold
    df_silver = read_silver_data(spark, s3_bucket, s3_silver_path, execution_date)
  File "/opt/airflow/scripts/transform_gold.py", line 67, in read_silver_data
    StructField("tag_list", ArrayType(StringType()), True),
NameError: name 'ArrayType' is not defined
[2024-11-28T21:23:34.578+0000] {local_task_job_runner.py:266} INFO - Task exited with return code 1
[2024-11-28T21:23:34.592+0000] {taskinstance.py:3895} INFO - 0 downstream tasks scheduled from follow-on schedule check
[2024-11-28T21:23:34.594+0000] {local_task_job_runner.py:245} INFO - ::endgroup::
